<?xml version="1.0" encoding="utf-8"?><testsuites name="pytest tests"><testsuite name="pytest" errors="0" failures="0" skipped="0" tests="15" time="2.385" timestamp="2026-08-17T23:40:32.228158+00:00" hostname="agent-env-feb4abed-8ec3-422f-8646-d371974bde7c"><testcase classname="tests.test_category_tree.TestCategoryCRUD" name="test_create_main" time="0.572" /><testcase classname="tests.test_category_tree.TestCategoryTree" name="test_top_level_has_13" time="0.518" /><testcase classname="tests.test_category_tree.TestCategoryTree" name="test_top_level_have_children_subs" time="0.000" /><testcase classname="tests.test_category_tree.TestCategoryTree" name="test_images_present" time="0.000" /><testcase classname="tests.test_category_tree.TestCategoryDetail" name="test_leaf_ancestors_and_children" time="0.154" /><testcase classname="tests.test_category_tree.TestCategoryCRUD" name="test_create_sub" time="0.064" /><testcase classname="tests.test_category_tree.TestCategoryCRUD" name="test_create_leaf" time="0.068" /><testcase classname="tests.test_category_tree.TestCategoryDetail" name="test_main_ancestors_empty" time="0.219" /><testcase classname="tests.test_category_tree.TestCategoryCRUD" name="test_reject_4th_level" time="0.094" /><testcase classname="tests.test_category_tree.TestCategoryCRUD" name="test_update_category" time="0.164" /><testcase classname="tests.test_category_tree.TestCategoryDetail" name="test_invalid_id_404" time="0.140" /><testcase classname="tests.test_category_tree.TestCategoryCRUD" name="test_product_on_leaf_and_delete_cascade" time="0.717" /><testcase classname="tests.test_category_tree.TestProductsByLeaf" name="test_leaf_has_products" time="0.151" /><testcase classname="tests.test_category_tree.TestProductsByLeaf" name="test_total_products_around_104" time="0.166" /><testcase classname="tests.test_category_tree.TestCategoryAuth" name="test_create_requires_admin" time="0.206" /></testsuite></testsuites>