<?xml version="1.0" encoding="utf-8"?><testsuites name="pytest tests"><testsuite name="pytest" errors="0" failures="0" skipped="0" tests="5" time="2.560" timestamp="2026-08-22T21:55:26.272450+00:00" hostname="agent-env-feb4abed-8ec3-422f-8646-d371974bde7c"><testcase classname="tests.test_gifts" name="test_public_gift_ideas" time="0.248" /><testcase classname="tests.test_gifts" name="test_admin_gift_packs_requires_auth" time="0.109" /><testcase classname="tests.test_gifts" name="test_admin_gift_packs_list" time="0.432" /><testcase classname="tests.test_gifts" name="test_gift_pack_crud_and_visibility" time="0.518" /><testcase classname="tests.test_gifts" name="test_settings_giftcard_and_gift_intro" time="0.422" /></testsuite></testsuites>