<?xml version="1.0" encoding="utf-8"?><testsuites name="pytest tests"><testsuite name="pytest" errors="0" failures="0" skipped="0" tests="7" time="2.160" timestamp="2026-08-15T19:35:09.044332+00:00" hostname="agent-env-feb4abed-8ec3-422f-8646-d371974bde7c"><testcase classname="tests.test_settings_reviews.TestSettings" name="test_get_settings_public" time="0.296" /><testcase classname="tests.test_settings_reviews.TestReviews" name="test_get_reviews_shape" time="0.351" /><testcase classname="tests.test_settings_reviews.TestSettings" name="test_put_settings_requires_auth" time="0.108" /><testcase classname="tests.test_settings_reviews.TestReviews" name="test_post_review_public_and_recompute" time="0.799" /><testcase classname="tests.test_settings_reviews.TestSettings" name="test_put_settings_forbidden_customer" time="0.398" /><testcase classname="tests.test_settings_reviews.TestReviews" name="test_post_review_invalid_rating" time="0.275" /><testcase classname="tests.test_settings_reviews.TestSettings" name="test_put_settings_admin_updates_and_persists" time="0.720" /></testsuite></testsuites>