<?xml version="1.0" encoding="utf-8"?><testsuites name="pytest tests"><testsuite name="pytest" errors="0" failures="0" skipped="0" tests="13" time="3.661" timestamp="2026-08-18T00:00:15.120660+00:00" hostname="agent-env-feb4abed-8ec3-422f-8646-d371974bde7c"><testcase classname="tests.test_import_reorder_banner.TestTemplates" name="test_categories_template_csv" time="1.205" /><testcase classname="tests.test_import_reorder_banner.TestTemplates" name="test_categories_template_xlsx" time="0.261" /><testcase classname="tests.test_import_reorder_banner.TestTemplates" name="test_products_template_csv" time="0.077" /><testcase classname="tests.test_import_reorder_banner.TestTemplates" name="test_products_template_xlsx" time="0.077" /><testcase classname="tests.test_import_reorder_banner.TestTemplates" name="test_templates_require_admin" time="0.130" /><testcase classname="tests.test_import_reorder_banner.TestCategoryImport" name="test_import_creates_tree" time="0.180" /><testcase classname="tests.test_import_reorder_banner.TestCategoryImport" name="test_import_idempotent" time="0.081" /><testcase classname="tests.test_import_reorder_banner.TestProductImport" name="test_import_product_valid_path" time="0.081" /><testcase classname="tests.test_import_reorder_banner.TestProductImport" name="test_import_product_invalid_path" time="0.076" /><testcase classname="tests.test_import_reorder_banner.TestProductImport" name="test_import_product_non_leaf_path" time="0.079" /><testcase classname="tests.test_import_reorder_banner.TestReorder" name="test_reorder_siblings" time="0.369" /><testcase classname="tests.test_import_reorder_banner.TestReorder" name="test_reorder_route_not_shadowed" time="0.075" /><testcase classname="tests.test_import_reorder_banner.TestBanner" name="test_create_and_update_banner" time="0.891" /></testsuite></testsuites>