<?xml version="1.0" encoding="utf-8"?><testsuites name="pytest tests"><testsuite name="pytest" errors="0" failures="0" skipped="0" tests="6" time="3.040" timestamp="2026-08-18T00:15:51.453800+00:00" hostname="agent-env-feb4abed-8ec3-422f-8646-d371974bde7c"><testcase classname="tests.test_iteration8_search_lowstock" name="test_subtree_main_category_returns_all_descendants" time="0.477" /><testcase classname="tests.test_iteration8_search_lowstock" name="test_scoped_search_within_category" time="0.459" /><testcase classname="tests.test_iteration8_search_lowstock" name="test_admin_stats_has_low_stock_fields" time="0.415" /><testcase classname="tests.test_iteration8_search_lowstock" name="test_admin_low_stock_endpoint" time="0.063" /><testcase classname="tests.test_iteration8_search_lowstock" name="test_threshold_persist_and_low_stock_recompute" time="0.997" /><testcase classname="tests.test_iteration8_search_lowstock" name="test_baseline_restored" time="0.558" /></testsuite></testsuites>