<?xml version="1.0" encoding="utf-8"?><testsuites name="pytest tests"><testsuite name="pytest" errors="0" failures="0" skipped="0" tests="6" time="2.368" timestamp="2026-08-22T20:34:55.808681+00:00" hostname="agent-env-feb4abed-8ec3-422f-8646-d371974bde7c"><testcase classname="tests.test_footer_cms" name="test_settings_footer_fields" time="0.163" /><testcase classname="tests.test_footer_cms" name="test_public_page_faq_ok" time="0.120" /><testcase classname="tests.test_footer_cms" name="test_public_page_notfound" time="0.146" /><testcase classname="tests.test_footer_cms" name="test_admin_pages_list" time="0.488" /><testcase classname="tests.test_footer_cms" name="test_admin_page_crud" time="0.529" /><testcase classname="tests.test_footer_cms" name="test_footer_settings_update" time="0.357" /></testsuite></testsuites>