<?xml version="1.0" encoding="utf-8"?><testsuites name="pytest tests"><testsuite name="pytest" errors="0" failures="0" skipped="0" tests="11" time="3.408" timestamp="2026-08-16T23:24:51.123127+00:00" hostname="agent-env-feb4abed-8ec3-422f-8646-d371974bde7c"><testcase classname="tests.test_iteration5" name="test_settings_has_sender_email" time="0.237" /><testcase classname="tests.test_iteration5" name="test_admin_update_sender_email" time="0.662" /><testcase classname="tests.test_iteration5" name="test_create_order_with_email_stores_it_and_totals_ok" time="0.300" /><testcase classname="tests.test_iteration5" name="test_create_order_without_email_ok" time="0.141" /><testcase classname="tests.test_iteration5" name="test_create_order_empty_email_ok" time="0.118" /><testcase classname="tests.test_iteration5" name="test_update_order_status_all_values[En attente]" time="0.193" /><testcase classname="tests.test_iteration5" name="test_update_order_status_all_values[Confirm\xe9e]" time="0.193" /><testcase classname="tests.test_iteration5" name="test_update_order_status_all_values[Exp\xe9di\xe9e]" time="0.231" /><testcase classname="tests.test_iteration5" name="test_update_order_status_all_values[Livr\xe9e]" time="0.159" /><testcase classname="tests.test_iteration5" name="test_update_order_status_all_values[Annul\xe9e]" time="0.208" /><testcase classname="tests.test_iteration5" name="test_admin_notification_created" time="0.494" /></testsuite></testsuites>