<?xml version="1.0" encoding="utf-8"?><testsuites name="pytest tests"><testsuite name="pytest" errors="0" failures="0" skipped="0" tests="21" time="4.012" timestamp="2026-08-16T21:02:17.647189+00:00" hostname="agent-env-feb4abed-8ec3-422f-8646-d371974bde7c"><testcase classname="tests.test_iteration4.TestPromo" name="test_validate_seeded_bienvenue10" time="0.246" /><testcase classname="tests.test_iteration4.TestOrderDelivery" name="test_pickup_free_delivery" time="0.456" /><testcase classname="tests.test_iteration4.TestPromo" name="test_validate_invalid" time="0.178" /><testcase classname="tests.test_iteration4.TestOrderDelivery" name="test_domicile_uses_default_fee" time="0.559" /><testcase classname="tests.test_iteration4.TestPromo" name="test_promo_crud" time="0.592" /><testcase classname="tests.test_iteration4.TestOrderDelivery" name="test_relais_fee" time="0.247" /><testcase classname="tests.test_iteration4.TestPromo" name="test_promo_endpoints_require_admin" time="0.106" /><testcase classname="tests.test_iteration4.TestCategoriesTree" name="test_categories_have_subcategories_array" time="0.104" /><testcase classname="tests.test_iteration4.TestCategoriesTree" name="test_subcategory_crud_and_products_filter" time="0.733" /><testcase classname="tests.test_iteration4.TestOrderDelivery" name="test_promo_applied_on_order" time="0.268" /><testcase classname="tests.test_iteration4.TestOrderDelivery" name="test_order_creates_notification" time="1.071" /><testcase classname="tests.test_iteration4.TestCategoriesTree" name="test_subcategory_requires_admin" time="0.100" /><testcase classname="tests.test_iteration4.TestAdminAccount" name="test_wrong_current_password" time="0.267" /><testcase classname="tests.test_iteration4.TestAdminAccount" name="test_update_first_name_ok" time="0.278" /><testcase classname="tests.test_iteration4.TestNotifications" name="test_notifications_require_admin" time="0.101" /><testcase classname="tests.test_iteration4.TestAdminAccount" name="test_requires_admin" time="0.130" /><testcase classname="tests.test_iteration4.TestNotifications" name="test_mark_read" time="0.102" /><testcase classname="tests.test_iteration4.TestCustomers" name="test_list_customers" time="0.094" /><testcase classname="tests.test_iteration4.TestProductsSearch" name="test_multi_term_search" time="0.117" /><testcase classname="tests.test_iteration4.TestCustomers" name="test_customer_orders" time="0.662" /><testcase classname="tests.test_iteration4.TestProductsSearch" name="test_subcategory_filter_endpoint" time="0.298" /></testsuite></testsuites>