<?xml version="1.0" encoding="utf-8"?><testsuites name="pytest tests"><testsuite name="pytest" errors="0" failures="0" skipped="0" tests="5" time="2.360" timestamp="2026-08-18T00:42:12.864255+00:00" hostname="agent-env-feb4abed-8ec3-422f-8646-d371974bde7c"><testcase classname="tests.test_iteration9_pharma_features.TestOrders" name="test_order_baridimob_status" time="0.574" /><testcase classname="tests.test_iteration9_pharma_features.TestSettings" name="test_settings_has_new_keys" time="0.218" /><testcase classname="tests.test_iteration9_pharma_features.TestSettings" name="test_settings_put_persists" time="0.734" /><testcase classname="tests.test_iteration9_pharma_features.TestOrders" name="test_order_cod_status" time="0.460" /><testcase classname="tests.test_iteration9_pharma_features.TestComplementary" name="test_complementary_flow" time="0.884" /></testsuite></testsuites>