<?xml version="1.0" encoding="utf-8"?><testsuites name="pytest tests"><testsuite name="pytest" errors="0" failures="0" skipped="0" tests="5" time="3.907" timestamp="2026-08-18T20:44:06.456304+00:00" hostname="agent-env-feb4abed-8ec3-422f-8646-d371974bde7c"><testcase classname="tests.test_iteration10_delivery_auth" name="test_list_wilayas_58" time="0.159" /><testcase classname="tests.test_iteration10_delivery_auth" name="test_order_delivery_pricing" time="1.050" /><testcase classname="tests.test_iteration10_delivery_auth" name="test_admin_wilaya_crud" time="0.407" /><testcase classname="tests.test_iteration10_delivery_auth" name="test_forgot_reset_password_flow" time="1.772" /><testcase classname="tests.test_iteration10_delivery_auth" name="test_settings_virtual_tour_url" time="0.367" /></testsuite></testsuites>