<?xml version="1.0" encoding="utf-8"?><testsuites name="pytest tests"><testsuite name="pytest" errors="0" failures="1" skipped="0" tests="5" time="2.555" timestamp="2026-08-22T21:13:05.318003+00:00" hostname="agent-env-feb4abed-8ec3-422f-8646-d371974bde7c"><testcase classname="tests.test_iteration14_loyalty_theme_chat" name="test_loyalty_config_public" time="0.269" /><testcase classname="tests.test_iteration14_loyalty_theme_chat" name="test_loyalty_me_new_user" time="0.408" /><testcase classname="tests.test_iteration14_loyalty_theme_chat" name="test_loyalty_redeem_insufficient" time="0.175" /><testcase classname="tests.test_iteration14_loyalty_theme_chat" name="test_chat_flow_and_admin_reply" time="0.919" /><testcase classname="tests.test_iteration14_loyalty_theme_chat" name="test_theme_settings_roundtrip" time="0.143"><failure message="assert 404 == 200&#10; +  where 404 = &lt;Response [404]&gt;.status_code">backend/tests/test_iteration14_loyalty_theme_chat.py:101: in test_theme_settings_roundtrip
    assert up.status_code == 200
E   assert 404 == 200
E    +  where 404 = &lt;Response [404]&gt;.status_code</failure></testcase></testsuite></testsuites>