<?xml version="1.0" encoding="utf-8"?><testsuites name="pytest tests"><testsuite name="pytest" errors="0" failures="0" skipped="1" tests="10" time="3.008" timestamp="2026-08-24T17:38:37.965826+00:00" hostname="agent-env-feb4abed-8ec3-422f-8646-d371974bde7c"><testcase classname="tests.test_iteration20_admin_batch" name="test_admin_stats_revenue_matches_delivered_orders" time="0.863" /><testcase classname="tests.test_iteration20_admin_batch" name="test_admin_analytics_all_periods[day]" time="0.107" /><testcase classname="tests.test_iteration20_admin_batch" name="test_admin_analytics_all_periods[week]" time="0.080" /><testcase classname="tests.test_iteration20_admin_batch" name="test_admin_analytics_all_periods[month]" time="0.088" /><testcase classname="tests.test_iteration20_admin_batch" name="test_admin_analytics_all_periods[all]" time="0.085" /><testcase classname="tests.test_iteration20_admin_batch" name="test_admin_analytics_requires_admin" time="0.166" /><testcase classname="tests.test_iteration20_admin_batch" name="test_delete_order_removes_and_updates_revenue" time="0.251"><skipped type="pytest.skip" message="Cannot create test order: 400 {&quot;detail&quot;:&quot;Le panier est vide&quot;}">/app/backend/tests/test_iteration20_admin_batch.py:75: Cannot create test order: 400 {"detail":"Le panier est vide"}</skipped></testcase><testcase classname="tests.test_iteration20_admin_batch" name="test_delete_order_invalid_id" time="0.073" /><testcase classname="tests.test_iteration20_admin_batch" name="test_settings_defaults_and_update" time="0.221" /><testcase classname="tests.test_iteration20_admin_batch" name="test_settings_theme_variants" time="0.475" /></testsuite></testsuites>