<?xml version="1.0" encoding="utf-8"?><testsuites name="pytest tests"><testsuite name="pytest" errors="0" failures="0" skipped="0" tests="5" time="2.007" timestamp="2026-08-22T20:06:30.194370+00:00" hostname="agent-env-feb4abed-8ec3-422f-8646-d371974bde7c"><testcase classname="tests.test_favorites_and_forgot.TestForgotPassword" name="test_known_email_returns_reset_link" time="0.809" /><testcase classname="tests.test_favorites_and_forgot.TestFavorites" name="test_favorites_require_auth" time="0.225" /><testcase classname="tests.test_favorites_and_forgot.TestForgotPassword" name="test_unknown_email_no_reset_link" time="0.236" /><testcase classname="tests.test_favorites_and_forgot.TestFavorites" name="test_add_get_remove_favorite" time="1.151" /><testcase classname="tests.test_favorites_and_forgot.TestFavorites" name="test_add_invalid_product" time="0.044" /></testsuite></testsuites>