<?xml version="1.0" encoding="utf-8"?><testsuites name="pytest tests"><testsuite name="pytest" errors="0" failures="0" skipped="0" tests="40" time="6.168" timestamp="2026-08-15T19:09:48.937418+00:00" hostname="agent-env-feb4abed-8ec3-422f-8646-d371974bde7c"><testcase classname="tests.backend_test.TestProducts" name="test_list_seeded" time="0.165" /><testcase classname="tests.backend_test.TestProducts" name="test_filter_category" time="0.050" /><testcase classname="tests.backend_test.TestProducts" name="test_filter_on_promo" time="0.046" /><testcase classname="tests.backend_test.TestProducts" name="test_filter_is_new" time="0.047" /><testcase classname="tests.backend_test.TestProducts" name="test_filter_featured" time="0.047" /><testcase classname="tests.backend_test.TestProducts" name="test_search_and_sort" time="0.048" /><testcase classname="tests.backend_test.TestProducts" name="test_max_price" time="0.047" /><testcase classname="tests.backend_test.TestProducts" name="test_get_product_by_id" time="0.106" /><testcase classname="tests.backend_test.TestProducts" name="test_get_product_404" time="0.046" /><testcase classname="tests.backend_test.TestCatalog" name="test_categories" time="0.045" /><testcase classname="tests.backend_test.TestCatalog" name="test_brands_list" time="0.045" /><testcase classname="tests.backend_test.TestCatalog" name="test_brand_by_id" time="0.106" /><testcase classname="tests.backend_test.TestCatalog" name="test_blog_list" time="0.052" /><testcase classname="tests.backend_test.TestCatalog" name="test_blog_by_id" time="0.095" /><testcase classname="tests.backend_test.TestCatalog" name="test_search_suggestions" time="0.055" /><testcase classname="tests.backend_test.TestAuth" name="test_register_email" time="0.334" /><testcase classname="tests.backend_test.TestAuth" name="test_register_phone" time="0.642" /><testcase classname="tests.backend_test.TestAuth" name="test_register_no_email_or_phone" time="0.099" /><testcase classname="tests.backend_test.TestAuth" name="test_duplicate_email" time="0.469" /><testcase classname="tests.backend_test.TestAuth" name="test_login_email_and_me" time="0.381" /><testcase classname="tests.backend_test.TestAuth" name="test_login_bad_creds" time="0.105" /><testcase classname="tests.backend_test.TestAuth" name="test_logout" time="0.316" /><testcase classname="tests.backend_test.TestAuth" name="test_me_unauthenticated" time="0.101" /><testcase classname="tests.backend_test.TestAdminCRUD" name="test_admin_stats" time="0.398" /><testcase classname="tests.backend_test.TestAdminCRUD" name="test_admin_stats_denied_anon" time="0.100" /><testcase classname="tests.backend_test.TestAdminCRUD" name="test_admin_stats_denied_customer" time="0.050" /><testcase classname="tests.backend_test.TestAdminCRUD" name="test_product_crud" time="0.293" /><testcase classname="tests.backend_test.TestAdminCRUD" name="test_customer_cannot_create_product" time="0.046" /><testcase classname="tests.backend_test.TestAdminCRUD" name="test_brand_create" time="0.112" /><testcase classname="tests.backend_test.TestAdminCRUD" name="test_blog_create" time="0.123" /><testcase classname="tests.backend_test.TestOrders" name="test_guest_order_cod" time="0.199" /><testcase classname="tests.backend_test.TestOrders" name="test_card_order_paid" time="0.220" /><testcase classname="tests.backend_test.TestOrders" name="test_empty_cart_rejected" time="0.128" /><testcase classname="tests.backend_test.TestOrders" name="test_stock_decrement" time="0.311" /><testcase classname="tests.backend_test.TestOrders" name="test_user_order_visible_in_mine" time="0.199" /><testcase classname="tests.backend_test.TestOrders" name="test_admin_sees_orders_and_update_status" time="0.115" /><testcase classname="tests.backend_test.TestOrders" name="test_orders_forbidden_for_customer" time="0.050" /><testcase classname="tests.backend_test.TestMisc" name="test_contact" time="0.105" /><testcase classname="tests.backend_test.TestMisc" name="test_upload_requires_admin" time="0.097" /><testcase classname="tests.backend_test.TestMisc" name="test_account_addresses" time="0.102" /></testsuite></testsuites>